<?xml version="1.0" encoding="UTF-8"?>
<!-- Generated by org.testng.reporters.JUnitReportReporter -->
<testsuite hostname="LAPTOP-GAUPM6CM" failures="0" tests="1" name="testscripts.TestCase1" time="53.132" errors="0" timestamp="2023-11-24T07:01:34 IST" skipped="0">
  <testcase classname="testscripts.TestCase1" name="validateLoginTest" time="53.132"/>
  <system-out/>
</testsuite> <!-- testscripts.TestCase1 -->
