<?xml version="1.0" encoding="UTF-8"?>
<!-- Generated by org.testng.reporters.JUnitReportReporter -->
<testsuite hostname="LAPTOP-GAUPM6CM" failures="0" tests="1" name="testscripts.Login" time="133.943" errors="0" timestamp="2024-03-08T23:12:16 IST" skipped="0">
  <testcase classname="testscripts.Login" name="validateLoginTest" time="133.943"/>
</testsuite> <!-- testscripts.Login -->
