<?xml version="1.0" encoding="UTF-8"?>
<!-- Generated by org.testng.reporters.JUnitReportReporter -->
<testsuite hostname="LAPTOP-GAUPM6CM" failures="0" tests="1" name="testscripts.TestCase3" time="63.010" errors="0" timestamp="2023-12-03T18:23:09 IST" skipped="0">
  <testcase classname="testscripts.TestCase3" name="validateLoginTest" time="63.010"/>
  <system-out/>
</testsuite> <!-- testscripts.TestCase3 -->
