<?xml version="1.0" encoding="UTF-8"?>
<!-- Generated by org.testng.reporters.JUnitReportReporter -->
<testsuite hostname="LAPTOP-GAUPM6CM" failures="0" tests="1" name="testscripts.Login2" time="0.004" errors="0" timestamp="2024-03-05T18:40:43 IST" skipped="0">
  <testcase classname="testscripts.Login2" name="validateLoginTest" time="0.004"/>
</testsuite> <!-- testscripts.Login2 -->
