<?xml version="1.0" encoding="UTF-8"?>
<!-- Generated by org.testng.reporters.JUnitReportReporter -->
<testsuite hostname="LAPTOP-GAUPM6CM" failures="0" tests="1" name="testscripts.Login3" time="33.345" errors="0" timestamp="2024-03-06T17:08:41 IST" skipped="0">
  <testcase classname="testscripts.Login3" name="validateLoginTest" time="33.345"/>
</testsuite> <!-- testscripts.Login3 -->
